<?xml version="1.0" encoding="UTF-8"?>
<!-- Generated by org.testng.reporters.JUnitXMLReporter -->
<testsuite hostname="DESKTOP-PAO42TD" ignored="0" name="ChromeTest" tests="4" failures="0" timestamp="14 Apr 2018 04:02:59 GMT" time="1835.403" errors="0">
  <testcase name="testInvalidLogin" time="3.702" classname="com.actitime.tests.InvalidLoginTest"/>
  <testcase name="testValidLoginLogout" time="21.558" classname="com.actitime.tests.ValidLoginLogoutTest"/>
  <testcase name="testVerifyBuildNumber" time="20.591" classname="com.actitime.tests.VerifyBuildNumberTest"/>
  <testcase name="testVerifyVersion" time="3.173" classname="com.actitime.tests.VerifyVersionTest"/>
</testsuite> <!-- ChromeTest -->
