<?xml version="1.0" encoding="UTF-8"?>
<!-- Generated by org.testng.reporters.JUnitXMLReporter -->
<testsuite hostname="DESKTOP-PAO42TD" ignored="0" name="Test" tests="4" failures="0" timestamp="14 Apr 2018 03:24:51 GMT" time="99.851" errors="0">
  <testcase name="testInvalidLogin" time="5.317" classname="com.actitime.tests.InvalidLoginTest"/>
  <testcase name="testValidLoginLogout" time="7.258" classname="com.actitime.tests.ValidLoginLogoutTest"/>
  <testcase name="testVerifyBuildNumber" time="13.383" classname="com.actitime.tests.VerifyBuildNumberTest"/>
  <testcase name="testVerifyVersion" time="3.182" classname="com.actitime.tests.VerifyVersionTest"/>
</testsuite> <!-- Test -->
